<?xml version="1.0" encoding="UTF-8"?>
<!-- Generated by org.testng.reporters.JUnitReportReporter -->
<testsuite hostname="LTIN274679" failures="0" tests="5" name="TestCases.TC_002_Homeloan" time="22.373" errors="0" timestamp="2024-02-28T17:05:42 IST" skipped="0">
  <testcase classname="TestCases.TC_002_Homeloan" name="Menu" time="0.276"/>
  <system-out/>
  <testcase classname="TestCases.TC_002_Homeloan" name="Home_Loan" time="1.820"/>
  <system-out/>
  <testcase classname="TestCases.TC_002_Homeloan" name="Home_Loan_Value" time="7.200"/>
  <system-out/>
  <testcase classname="TestCases.TC_002_Homeloan" name="Year_Wise_Print" time="0.931"/>
  <system-out/>
  <testcase classname="TestCases.TC_002_Homeloan" name="Writing_Excel" time="12.146"/>
  <system-out/>
</testsuite> <!-- TestCases.TC_002_Homeloan -->
