<?xml version="1.0" encoding="UTF-8"?>
<!-- Generated by org.testng.reporters.JUnitReportReporter -->
<testsuite hostname="LTIN274679" failures="0" tests="1" name="EMI.FirstClass" time="25.910" errors="0" timestamp="2024-02-22T10:20:34 IST" skipped="0">
  <testcase classname="EMI.FirstClass" name="run" time="25.910"/>
  <system-out/>
</testsuite> <!-- EMI.FirstClass -->
