<?xml version="1.0" encoding="UTF-8"?>
<!-- Generated by org.testng.reporters.JUnitReportReporter -->
<testsuite hostname="LTIN274679" failures="0" tests="6" name="TestCases.TC_003_EMICalculatorValidation" time="6.978" errors="0" timestamp="2024-02-28T17:05:42 IST" skipped="0">
  <testcase classname="TestCases.TC_003_EMICalculatorValidation" name="Menu" time="0.219"/>
  <system-out/>
  <testcase classname="TestCases.TC_003_EMICalculatorValidation" name="LoanCalculatorClick" time="3.169"/>
  <system-out/>
  <testcase classname="TestCases.TC_003_EMICalculatorValidation" name="EMICalculatorTextValidating" time="0.317"/>
  <system-out/>
  <testcase classname="TestCases.TC_003_EMICalculatorValidation" name="EMICalculatorTextBoxValidating" time="0.168"/>
  <system-out/>
  <testcase classname="TestCases.TC_003_EMICalculatorValidation" name="YearToMonthCalculation" time="0.247"/>
  <system-out/>
  <testcase classname="TestCases.TC_003_EMICalculatorValidation" name="EMICalculatorSliderValidating" time="2.858"/>
  <system-out/>
</testsuite> <!-- TestCases.TC_003_EMICalculatorValidation -->
