<?xml version="1.0" encoding="UTF-8"?>
<!-- Generated by org.testng.reporters.JUnitReportReporter -->
<testsuite hostname="LTIN274679" failures="0" tests="6" name="TestCases.TC_001_CarLoan" time="5.759" errors="0" timestamp="2024-02-28T17:05:42 IST" skipped="0">
  <testcase classname="TestCases.TC_001_CarLoan" name="Car_Loan" time="1.383"/>
  <system-out/>
  <testcase classname="TestCases.TC_001_CarLoan" name="Principal" time="2.826"/>
  <system-out/>
  <testcase classname="TestCases.TC_001_CarLoan" name="Interest" time="0.555"/>
  <system-out/>
  <testcase classname="TestCases.TC_001_CarLoan" name="Loan_Tenure" time="0.595"/>
  <system-out/>
  <testcase classname="TestCases.TC_001_CarLoan" name="Months_details" time="0.255"/>
  <system-out/>
  <testcase classname="TestCases.TC_001_CarLoan" name="output" time="0.145"/>
  <system-out/>
</testsuite> <!-- TestCases.TC_001_CarLoan -->
