<?xml version="1.0" encoding="UTF-8"?>
<!-- Generated by org.testng.reporters.JUnitReportReporter -->
<testsuite hostname="LTIN274679" failures="0" tests="7" name="TestCases.TC_004_LoanAmountUIValidation" time="7.235" errors="0" timestamp="2024-02-28T17:05:42 IST" skipped="0">
  <testcase classname="TestCases.TC_004_LoanAmountUIValidation" name="Menu" time="0.252"/>
  <system-out/>
  <testcase classname="TestCases.TC_004_LoanAmountUIValidation" name="LoanCalculatorClick" time="2.451"/>
  <system-out/>
  <testcase classname="TestCases.TC_004_LoanAmountUIValidation" name="Loan_Amount_Calculator_Click" time="1.241"/>
  <system-out/>
  <testcase classname="TestCases.TC_004_LoanAmountUIValidation" name="LoanAmountCalculatorTextValidating" time="0.334"/>
  <system-out/>
  <testcase classname="TestCases.TC_004_LoanAmountUIValidation" name="LoanAmountCalculatorTextBoxValidating" time="0.209"/>
  <system-out/>
  <testcase classname="TestCases.TC_004_LoanAmountUIValidation" name="LoanamountYearToMonth" time="0.139"/>
  <system-out/>
  <testcase classname="TestCases.TC_004_LoanAmountUIValidation" name="LoanAmountCalculatorSliderValidating" time="2.609"/>
  <system-out/>
</testsuite> <!-- TestCases.TC_004_LoanAmountUIValidation -->
