<?xml version="1.0" encoding="UTF-8"?>
<!-- Generated by org.testng.reporters.JUnitReportReporter -->
<testsuite hostname="LTIN274679" failures="0" tests="15" name="TestCases.TC_003_UICheck" time="15.902" errors="0" timestamp="2024-02-27T12:40:55 IST" skipped="0">
  <testcase classname="TestCases.TC_003_UICheck" name="Menu" time="0.162"/>
  <system-out/>
  <testcase classname="TestCases.TC_003_UICheck" name="LoanCalculatorClick" time="0.885"/>
  <system-out/>
  <testcase classname="TestCases.TC_003_UICheck" name="EMICalculatorTextValidating" time="0.508"/>
  <system-out/>
  <testcase classname="TestCases.TC_003_UICheck" name="EMICalculatorTextBoxValidating" time="0.184"/>
  <system-out/>
  <testcase classname="TestCases.TC_003_UICheck" name="YearToMonthCalculation" time="0.168"/>
  <system-out/>
  <testcase classname="TestCases.TC_003_UICheck" name="EMICalculatorSliderValidating" time="2.998"/>
  <system-out/>
  <testcase classname="TestCases.TC_003_UICheck" name="Loan_Amount_Calculator_Click" time="0.946"/>
  <system-out/>
  <testcase classname="TestCases.TC_003_UICheck" name="LoanAmountCalculatorTextValidating" time="0.350"/>
  <system-out/>
  <testcase classname="TestCases.TC_003_UICheck" name="LoanAmountCalculatorTextBoxValidating" time="0.255"/>
  <system-out/>
  <testcase classname="TestCases.TC_003_UICheck" name="LoanamountYearToMonth" time="0.204"/>
  <system-out/>
  <testcase classname="TestCases.TC_003_UICheck" name="LoanAmountCalculatorSliderValidating" time="3.343"/>
  <system-out/>
  <testcase classname="TestCases.TC_003_UICheck" name="Loan_Tenure_Calculator_Click" time="2.088"/>
  <system-out/>
  <testcase classname="TestCases.TC_003_UICheck" name="Loan_Tenure_Calculator_TextValidation" time="0.456"/>
  <system-out/>
  <testcase classname="TestCases.TC_003_UICheck" name="Loan_Tenure_Calculator_TextBox_Validation" time="0.281"/>
  <system-out/>
  <testcase classname="TestCases.TC_003_UICheck" name="Loan_Tenure_Calculator_Slider_Validation" time="3.074"/>
  <system-out/>
</testsuite> <!-- TestCases.TC_003_UICheck -->
