<?xml version="1.0" encoding="UTF-8"?>
<!-- Generated by org.testng.reporters.JUnitReportReporter -->
<testsuite hostname="LTIN274679" failures="0" tests="30" name="TestCases.Combined" time="60.268" errors="0" timestamp="2024-02-28T13:42:02 IST" skipped="0">
  <testcase classname="TestCases.Combined" name="Car_Loan" time="2.039"/>
  <system-out/>
  <testcase classname="TestCases.Combined" name="Principal" time="3.111"/>
  <system-out/>
  <testcase classname="TestCases.Combined" name="Interest" time="1.650"/>
  <system-out/>
  <testcase classname="TestCases.Combined" name="Loan_Tenure" time="0.896"/>
  <system-out/>
  <testcase classname="TestCases.Combined" name="Months_details" time="0.297"/>
  <system-out/>
  <testcase classname="TestCases.Combined" name="output" time="0.149"/>
  <system-out/>
  <testcase classname="TestCases.Combined" name="menu" time="0.194"/>
  <system-out/>
  <testcase classname="TestCases.Combined" name="Home_Loan" time="1.784"/>
  <system-out/>
  <testcase classname="TestCases.Combined" name="Home_Loan_Value" time="8.555"/>
  <system-out/>
  <testcase classname="TestCases.Combined" name="Year_Wise_Print" time="1.832"/>
  <system-out/>
  <testcase classname="TestCases.Combined" name="Writing_Excel" time="19.866"/>
  <system-out/>
  <testcase classname="TestCases.Combined" name="Menu_" time="0.201"/>
  <system-out/>
  <testcase classname="TestCases.Combined" name="LoancalculatorClick" time="2.427"/>
  <system-out/>
  <testcase classname="TestCases.Combined" name="EMICalculatorTextValidating" time="0.394"/>
  <system-out/>
  <testcase classname="TestCases.Combined" name="EMICalculatorTextBoxValidating" time="0.199"/>
  <system-out/>
  <testcase classname="TestCases.Combined" name="YearToMonthCalculation" time="0.166"/>
  <system-out/>
  <testcase classname="TestCases.Combined" name="EMICalculatorSliderValidating" time="3.722"/>
  <system-out/>
  <testcase classname="TestCases.Combined" name="Menu_click" time="0.476"/>
  <system-out/>
  <testcase classname="TestCases.Combined" name="LoanCalculatorclick" time="0.761"/>
  <system-out/>
  <testcase classname="TestCases.Combined" name="Loan_Amount_Calculator_Click" time="2.286"/>
  <system-out/>
  <testcase classname="TestCases.Combined" name="LoanAmountCalculatorTextValidating" time="0.427"/>
  <system-out/>
  <testcase classname="TestCases.Combined" name="LoanAmountCalculatorTextBoxValidating" time="0.295"/>
  <system-out/>
  <testcase classname="TestCases.Combined" name="LoanamountYearToMonth" time="0.179"/>
  <system-out/>
  <testcase classname="TestCases.Combined" name="LoanAmountCalculatorSliderValidating" time="2.870"/>
  <system-out/>
  <testcase classname="TestCases.Combined" name="Menu" time="0.164"/>
  <system-out/>
  <testcase classname="TestCases.Combined" name="LoanCalculatorClick" time="0.767"/>
  <system-out/>
  <testcase classname="TestCases.Combined" name="Loan_Tenure_Calculator_Click" time="1.085"/>
  <system-out/>
  <testcase classname="TestCases.Combined" name="Loan_Tenure_Calculator_TextValidation" time="0.418"/>
  <system-out/>
  <testcase classname="TestCases.Combined" name="Loan_Tenure_Calculator_TextBox_Validation" time="0.241"/>
  <system-out/>
  <testcase classname="TestCases.Combined" name="Loan_Tenure_Calculator_Slider_Validation" time="2.817"/>
  <system-out/>
</testsuite> <!-- TestCases.Combined -->
