<?xml version="1.0" encoding="UTF-8"?>
<!-- Generated by org.testng.reporters.JUnitReportReporter -->
<testsuite hostname="LTIN274679" failures="0" tests="6" name="TestCases.TC_005_LoanTenureCalculatorUIVAlidation" time="6.576" errors="0" timestamp="2024-02-28T17:05:42 IST" skipped="0">
  <testcase classname="TestCases.TC_005_LoanTenureCalculatorUIVAlidation" name="Menu" time="0.176"/>
  <system-out/>
  <testcase classname="TestCases.TC_005_LoanTenureCalculatorUIVAlidation" name="LoanCalculatorClick" time="1.054"/>
  <system-out/>
  <testcase classname="TestCases.TC_005_LoanTenureCalculatorUIVAlidation" name="Loan_Tenure_Calculator_Click" time="2.014"/>
  <system-out/>
  <testcase classname="TestCases.TC_005_LoanTenureCalculatorUIVAlidation" name="Loan_Tenure_Calculator_TextValidation" time="0.326"/>
  <system-out/>
  <testcase classname="TestCases.TC_005_LoanTenureCalculatorUIVAlidation" name="Loan_Tenure_Calculator_TextBox_Validation" time="0.229"/>
  <system-out/>
  <testcase classname="TestCases.TC_005_LoanTenureCalculatorUIVAlidation" name="Loan_Tenure_Calculator_Slider_Validation" time="2.777"/>
  <system-out/>
</testsuite> <!-- TestCases.TC_005_LoanTenureCalculatorUIVAlidation -->
