<?xml version="1.0" encoding="UTF-8"?>
<!-- Generated by org.testng.reporters.JUnitReportReporter -->
<testsuite hostname="LTIN274679" failures="0" tests="5" name="TestCases.TC_002_Homeloan" time="20.558" errors="0" timestamp="2024-02-28T18:04:11 IST" skipped="0">
  <testcase classname="TestCases.TC_002_Homeloan" name="Menu" time="0.308"/>
  <testcase classname="TestCases.TC_002_Homeloan" name="Home_Loan" time="1.238"/>
  <testcase classname="TestCases.TC_002_Homeloan" name="Home_Loan_Value" time="7.288"/>
  <testcase classname="TestCases.TC_002_Homeloan" name="Year_Wise_Print" time="1.008"/>
  <testcase classname="TestCases.TC_002_Homeloan" name="Writing_Excel" time="10.716"/>
</testsuite> <!-- TestCases.TC_002_Homeloan -->
