<?xml version="1.0" encoding="UTF-8"?>
<!-- Generated by org.testng.reporters.JUnitReportReporter -->
<testsuite hostname="LTIN274679" failures="0" tests="6" name="TestCases.TC_005_LoanTenureCalculatorUIVAlidation" time="5.836" errors="0" timestamp="2024-02-28T18:04:11 IST" skipped="0">
  <testcase classname="TestCases.TC_005_LoanTenureCalculatorUIVAlidation" name="Menu" time="0.346"/>
  <testcase classname="TestCases.TC_005_LoanTenureCalculatorUIVAlidation" name="LoanCalculatorClick" time="1.082"/>
  <testcase classname="TestCases.TC_005_LoanTenureCalculatorUIVAlidation" name="Loan_Tenure_Calculator_Click" time="1.072"/>
  <testcase classname="TestCases.TC_005_LoanTenureCalculatorUIVAlidation" name="Loan_Tenure_Calculator_TextValidation" time="0.401"/>
  <testcase classname="TestCases.TC_005_LoanTenureCalculatorUIVAlidation" name="Loan_Tenure_Calculator_TextBox_Validation" time="0.219"/>
  <testcase classname="TestCases.TC_005_LoanTenureCalculatorUIVAlidation" name="Loan_Tenure_Calculator_Slider_Validation" time="2.716"/>
</testsuite> <!-- TestCases.TC_005_LoanTenureCalculatorUIVAlidation -->
