<?xml version="1.0" encoding="UTF-8"?>
<!-- Generated by org.testng.reporters.JUnitReportReporter -->
<testsuite hostname="LTIN274679" failures="0" tests="6" name="TestCases.TC_003_EMICalculatorValidation" time="4.883" errors="0" timestamp="2024-02-28T18:04:11 IST" skipped="0">
  <testcase classname="TestCases.TC_003_EMICalculatorValidation" name="Menu" time="0.261"/>
  <testcase classname="TestCases.TC_003_EMICalculatorValidation" name="LoanCalculatorClick" time="1.009"/>
  <testcase classname="TestCases.TC_003_EMICalculatorValidation" name="EMICalculatorTextValidating" time="0.387"/>
  <testcase classname="TestCases.TC_003_EMICalculatorValidation" name="EMICalculatorTextBoxValidating" time="0.174"/>
  <testcase classname="TestCases.TC_003_EMICalculatorValidation" name="YearToMonthCalculation" time="0.154"/>
  <testcase classname="TestCases.TC_003_EMICalculatorValidation" name="EMICalculatorSliderValidating" time="2.898"/>
</testsuite> <!-- TestCases.TC_003_EMICalculatorValidation -->
