<?xml version="1.0" encoding="UTF-8"?>
<!-- Generated by org.testng.reporters.JUnitReportReporter -->
<testsuite hostname="LTIN274679" failures="0" tests="7" name="TestCases.TC_004_LoanAmountUIValidation" time="5.994" errors="0" timestamp="2024-02-28T18:04:11 IST" skipped="0">
  <testcase classname="TestCases.TC_004_LoanAmountUIValidation" name="Menu" time="0.404"/>
  <testcase classname="TestCases.TC_004_LoanAmountUIValidation" name="LoanCalculatorClick" time="1.209"/>
  <testcase classname="TestCases.TC_004_LoanAmountUIValidation" name="Loan_Amount_Calculator_Click" time="0.854"/>
  <testcase classname="TestCases.TC_004_LoanAmountUIValidation" name="LoanAmountCalculatorTextValidating" time="0.374"/>
  <testcase classname="TestCases.TC_004_LoanAmountUIValidation" name="LoanAmountCalculatorTextBoxValidating" time="0.231"/>
  <testcase classname="TestCases.TC_004_LoanAmountUIValidation" name="LoanamountYearToMonth" time="0.174"/>
  <testcase classname="TestCases.TC_004_LoanAmountUIValidation" name="LoanAmountCalculatorSliderValidating" time="2.748"/>
</testsuite> <!-- TestCases.TC_004_LoanAmountUIValidation -->
