<?xml version="1.0" encoding="UTF-8"?>
<!-- Generated by org.testng.reporters.JUnitReportReporter -->
<testsuite hostname="LTIN274679" failures="0" tests="6" name="TestCases.TC_001_CarLoan" time="4.778" errors="0" timestamp="2024-02-28T18:04:11 IST" skipped="0">
  <testcase classname="TestCases.TC_001_CarLoan" name="Car_Loan" time="1.405"/>
  <testcase classname="TestCases.TC_001_CarLoan" name="Principal" time="1.897"/>
  <testcase classname="TestCases.TC_001_CarLoan" name="Interest" time="0.564"/>
  <testcase classname="TestCases.TC_001_CarLoan" name="Loan_Tenure" time="0.551"/>
  <testcase classname="TestCases.TC_001_CarLoan" name="Months_details" time="0.210"/>
  <testcase classname="TestCases.TC_001_CarLoan" name="output" time="0.151"/>
</testsuite> <!-- TestCases.TC_001_CarLoan -->
